kotlin version: 2.0.0
error message: java.lang.Exception: IR lowering failed at: FormActivity.kt
	at androidx.compose.compiler.plugins.kotlin.lower.LiveLiteralTransformer.visitFile(LiveLiteralTransformer.kt:1058)
	at org.jetbrains.kotlin.ir.visitors.IrElementTransformerVoid.visitFile(IrElementTransformerVoid.kt:163)
	at org.jetbrains.kotlin.ir.visitors.IrElementTransformerVoid.visitFile(IrElementTransformerVoid.kt:19)
	at org.jetbrains.kotlin.ir.declarations.IrFile.accept(IrFile.kt:28)
	at org.jetbrains.kotlin.ir.declarations.IrFile.transform(IrFile.kt:31)
	at org.jetbrains.kotlin.ir.declarations.IrFile.transform(IrFile.kt:20)
	at org.jetbrains.kotlin.ir.util.TransformKt.transformInPlace(transform.kt:35)
	at org.jetbrains.kotlin.ir.declarations.IrModuleFragment.transformChildren(IrModuleFragment.kt:43)
	at org.jetbrains.kotlin.ir.visitors.IrElementTransformerVoidKt.transformChildrenVoid(IrElementTransformerVoid.kt:565)
	at androidx.compose.compiler.plugins.kotlin.lower.LiveLiteralTransformer.lower(LiveLiteralTransformer.kt:176)
	at androidx.compose.compiler.plugins.kotlin.ComposeIrGenerationExtension.generate(ComposeIrGenerationExtension.kt:138)
	at org.jetbrains.kotlin.fir.pipeline.ConvertToIrKt.applyIrGenerationExtensions(convertToIr.kt:260)
	at org.jetbrains.kotlin.fir.pipeline.ConvertToIrKt.convertToIrAndActualize(convertToIr.kt:139)
	at org.jetbrains.kotlin.fir.pipeline.ConvertToIrKt.convertToIrAndActualize$default(convertToIr.kt:65)
	at org.jetbrains.kotlin.cli.jvm.compiler.pipeline.JvmCompilerPipelineKt.convertToIrAndActualizeForJvm(jvmCompilerPipeline.kt:193)
	at org.jetbrains.kotlin.cli.jvm.compiler.pipeline.JvmCompilerPipelineKt.convertAnalyzedFirToIr(jvmCompilerPipeline.kt:167)
	at org.jetbrains.kotlin.cli.jvm.compiler.pipeline.JvmCompilerPipelineKt.compileModulesUsingFrontendIrAndLightTree(jvmCompilerPipeline.kt:138)
	at org.jetbrains.kotlin.cli.jvm.K2JVMCompiler.doExecute(K2JVMCompiler.kt:155)
	at org.jetbrains.kotlin.cli.jvm.K2JVMCompiler.doExecute(K2JVMCompiler.kt:50)
	at org.jetbrains.kotlin.cli.common.CLICompiler.execImpl(CLICompiler.kt:104)
	at org.jetbrains.kotlin.cli.common.CLICompiler.execImpl(CLICompiler.kt:48)
	at org.jetbrains.kotlin.cli.common.CLITool.exec(CLITool.kt:101)
	at org.jetbrains.kotlin.incremental.IncrementalJvmCompilerRunner.runCompiler(IncrementalJvmCompilerRunner.kt:453)
	at org.jetbrains.kotlin.incremental.IncrementalJvmCompilerRunner.runCompiler(IncrementalJvmCompilerRunner.kt:62)
	at org.jetbrains.kotlin.incremental.IncrementalCompilerRunner.doCompile(IncrementalCompilerRunner.kt:506)
	at org.jetbrains.kotlin.incremental.IncrementalCompilerRunner.compileImpl(IncrementalCompilerRunner.kt:423)
	at org.jetbrains.kotlin.incremental.IncrementalCompilerRunner.compileNonIncrementally(IncrementalCompilerRunner.kt:301)
	at org.jetbrains.kotlin.incremental.IncrementalCompilerRunner.compile(IncrementalCompilerRunner.kt:129)
	at org.jetbrains.kotlin.daemon.CompileServiceImplBase.execIncrementalCompiler(CompileServiceImpl.kt:676)
	at org.jetbrains.kotlin.daemon.CompileServiceImplBase.access$execIncrementalCompiler(CompileServiceImpl.kt:92)
	at org.jetbrains.kotlin.daemon.CompileServiceImpl.compile(CompileServiceImpl.kt:1661)
	at java.base/jdk.internal.reflect.NativeMethodAccessorImpl.invoke0(Native Method)
	at java.base/jdk.internal.reflect.NativeMethodAccessorImpl.invoke(Unknown Source)
	at java.base/jdk.internal.reflect.DelegatingMethodAccessorImpl.invoke(Unknown Source)
	at java.base/java.lang.reflect.Method.invoke(Unknown Source)
	at java.rmi/sun.rmi.server.UnicastServerRef.dispatch(Unknown Source)
	at java.rmi/sun.rmi.transport.Transport$1.run(Unknown Source)
	at java.rmi/sun.rmi.transport.Transport$1.run(Unknown Source)
	at java.base/java.security.AccessController.doPrivileged(Unknown Source)
	at java.rmi/sun.rmi.transport.Transport.serviceCall(Unknown Source)
	at java.rmi/sun.rmi.transport.tcp.TCPTransport.handleMessages(Unknown Source)
	at java.rmi/sun.rmi.transport.tcp.TCPTransport$ConnectionHandler.run0(Unknown Source)
	at java.rmi/sun.rmi.transport.tcp.TCPTransport$ConnectionHandler.lambda$run$0(Unknown Source)
	at java.base/java.security.AccessController.doPrivileged(Unknown Source)
	at java.rmi/sun.rmi.transport.tcp.TCPTransport$ConnectionHandler.run(Unknown Source)
	at java.base/java.util.concurrent.ThreadPoolExecutor.runWorker(Unknown Source)
	at java.base/java.util.concurrent.ThreadPoolExecutor$Worker.run(Unknown Source)
	at java.base/java.lang.Thread.run(Unknown Source)
Caused by: java.lang.IllegalStateException: Duplicate live literal key found: Boolean$branch$when$fun-$anonymous$$arg-0$call-setOnItemSelectedListener$fun-onCreate$class-FormActivity
Caused by element at: /Users/seyunkim/development/CosmeticTogether_Android/app/src/main/java/com/example/cosmetictogether/presentation/form/view/FormActivity.kt:81:20
If you encounter this error, please file a bug at https://issuetracker.google.com/issues?q=componentid:610764
Try adding the `@NoLiveLiterals` annotation around the surrounding code to avoid this exception.
	at androidx.compose.compiler.plugins.kotlin.lower.LiveLiteralTransformer.visitConst(LiveLiteralTransformer.kt:433)
	at org.jetbrains.kotlin.ir.visitors.IrElementTransformerVoid.visitConst(IrElementTransformerVoid.kt:335)
	at org.jetbrains.kotlin.ir.visitors.IrElementTransformerVoid.visitConst(IrElementTransformerVoid.kt:19)
	at org.jetbrains.kotlin.ir.expressions.IrConst.accept(IrConst.kt:22)
	at org.jetbrains.kotlin.ir.expressions.IrExpression.transform(IrExpression.kt:24)
	at org.jetbrains.kotlin.ir.expressions.IrExpression.transform(IrExpression.kt:20)
	at org.jetbrains.kotlin.ir.util.TransformKt.transformInPlace(transform.kt:35)
	at org.jetbrains.kotlin.ir.expressions.IrContainerExpression.transformChildren(IrContainerExpression.kt:26)
	at org.jetbrains.kotlin.ir.visitors.IrElementTransformerVoid.visitExpression(IrElementTransformerVoid.kt:166)
	at org.jetbrains.kotlin.ir.visitors.IrElementTransformerVoid.visitContainerExpression(IrElementTransformerVoid.kt:242)
	at org.jetbrains.kotlin.ir.visitors.IrElementTransformerVoid.visitBlock(IrElementTransformerVoid.kt:248)
	at androidx.compose.compiler.plugins.kotlin.lower.LiveLiteralTransformer.visitBlock$lambda$84(LiveLiteralTransformer.kt:840)
	at androidx.compose.compiler.plugins.kotlin.lower.DurableKeyVisitor.siblings(DurableKeyVisitor.kt:117)
	at androidx.compose.compiler.plugins.kotlin.lower.LiveLiteralTransformer.siblings(LiveLiteralTransformer.kt:198)
	at androidx.compose.compiler.plugins.kotlin.lower.LiveLiteralTransformer.visitBlock(LiveLiteralTransformer.kt:839)
	at org.jetbrains.kotlin.ir.visitors.IrElementTransformerVoid.visitBlock(IrElementTransformerVoid.kt:251)
	at org.jetbrains.kotlin.ir.visitors.IrElementTransformerVoid.visitBlock(IrElementTransformerVoid.kt:19)
	at org.jetbrains.kotlin.ir.expressions.IrBlock.accept(IrBlock.kt:18)
	at org.jetbrains.kotlin.ir.expressions.IrExpression.transform(IrExpression.kt:24)
	at androidx.compose.compiler.plugins.kotlin.lower.LiveLiteralTransformer.visitBranch$lambda$82(LiveLiteralTransformer.kt:813)
	at androidx.compose.compiler.plugins.kotlin.lower.DurableKeyVisitor.enter(DurableKeyVisitor.kt:96)
	at androidx.compose.compiler.plugins.kotlin.lower.LiveLiteralTransformer.enter(LiveLiteralTransformer.kt:196)
	at androidx.compose.compiler.plugins.kotlin.lower.LiveLiteralTransformer.visitBranch(LiveLiteralTransformer.kt:812)
	at org.jetbrains.kotlin.ir.visitors.IrElementTransformerVoid.visitBranch(IrElementTransformerVoid.kt:553)
	at org.jetbrains.kotlin.ir.visitors.IrElementTransformerVoid.visitBranch(IrElementTransformerVoid.kt:19)
	at org.jetbrains.kotlin.ir.expressions.IrBranch.accept(IrBranch.kt:25)
	at org.jetbrains.kotlin.ir.expressions.IrBranch.transform(IrBranch.kt:28)
	at org.jetbrains.kotlin.ir.expressions.IrBranch.transform(IrBranch.kt:19)
	at org.jetbrains.kotlin.ir.util.TransformKt.transformInPlace(transform.kt:35)
	at org.jetbrains.kotlin.ir.expressions.IrWhen.transformChildren(IrWhen.kt:31)
	at org.jetbrains.kotlin.ir.visitors.IrElementTransformerVoid.visitExpression(IrElementTransformerVoid.kt:166)
	at org.jetbrains.kotlin.ir.visitors.IrElementTransformerVoid.visitWhen(IrElementTransformerVoid.kt:542)
	at androidx.compose.compiler.plugins.kotlin.lower.LiveLiteralTransformer.visitWhen$lambda$78(LiveLiteralTransformer.kt:779)
	at androidx.compose.compiler.plugins.kotlin.lower.DurableKeyVisitor.siblings(DurableKeyVisitor.kt:117)
	at androidx.compose.compiler.plugins.kotlin.lower.DurableKeyVisitor.siblings$lambda$0(DurableKeyVisitor.kt:131)
	at androidx.compose.compiler.plugins.kotlin.lower.DurableKeyVisitor.enter(DurableKeyVisitor.kt:96)
	at androidx.compose.compiler.plugins.kotlin.lower.DurableKeyVisitor.siblings(DurableKeyVisitor.kt:131)
	at androidx.compose.compiler.plugins.kotlin.lower.LiveLiteralTransformer.siblings(LiveLiteralTransformer.kt:197)
	at androidx.compose.compiler.plugins.kotlin.lower.LiveLiteralTransformer.visitWhen(LiveLiteralTransformer.kt:778)
	at org.jetbrains.kotlin.ir.visitors.IrElementTransformerVoid.visitWhen(IrElementTransformerVoid.kt:545)
	at org.jetbrains.kotlin.ir.visitors.IrElementTransformerVoid.visitWhen(IrElementTransformerVoid.kt:19)
	at org.jetbrains.kotlin.ir.expressions.IrWhen.accept(IrWhen.kt:24)
	at org.jetbrains.kotlin.ir.expressions.IrExpression.transform(IrExpression.kt:24)
	at org.jetbrains.kotlin.ir.expressions.IrExpression.transform(IrExpression.kt:20)
	at org.jetbrains.kotlin.ir.util.TransformKt.transformInPlace(transform.kt:35)
	at org.jetbrains.kotlin.ir.expressions.IrContainerExpression.transformChildren(IrContainerExpression.kt:26)
	at org.jetbrains.kotlin.ir.visitors.IrElementTransformerVoid.visitExpression(IrElementTransformerVoid.kt:166)
	at org.jetbrains.kotlin.ir.visitors.IrElementTransformerVoid.visitContainerExpression(IrElementTransformerVoid.kt:242)
	at org.jetbrains.kotlin.ir.visitors.IrElementTransformerVoid.visitBlock(IrElementTransformerVoid.kt:248)
	at androidx.compose.compiler.plugins.kotlin.lower.LiveLiteralTransformer.visitBlock$lambda$84(LiveLiteralTransformer.kt:840)
	at androidx.compose.compiler.plugins.kotlin.lower.DurableKeyVisitor.siblings(DurableKeyVisitor.kt:109)
	at androidx.compose.compiler.plugins.kotlin.lower.LiveLiteralTransformer.siblings(LiveLiteralTransformer.kt:198)
	at androidx.compose.compiler.plugins.kotlin.lower.LiveLiteralTransformer.visitBlock(LiveLiteralTransformer.kt:839)
	at org.jetbrains.kotlin.ir.visitors.IrElementTransformerVoid.visitBlock(IrElementTransformerVoid.kt:251)
	at org.jetbrains.kotlin.ir.visitors.IrElementTransformerVoid.visitBlock(IrElementTransformerVoid.kt:19)
	at org.jetbrains.kotlin.ir.expressions.IrBlock.accept(IrBlock.kt:18)
	at org.jetbrains.kotlin.ir.expressions.IrExpression.transform(IrExpression.kt:24)
	at org.jetbrains.kotlin.ir.expressions.IrReturn.transformChildren(IrReturn.kt:31)
	at org.jetbrains.kotlin.ir.visitors.IrElementTransformerVoid.visitExpression(IrElementTransformerVoid.kt:166)
	at org.jetbrains.kotlin.ir.visitors.IrElementTransformerVoid.visitReturn(IrElementTransformerVoid.kt:460)
	at org.jetbrains.kotlin.ir.visitors.IrElementTransformerVoid.visitReturn(IrElementTransformerVoid.kt:463)
	at org.jetbrains.kotlin.ir.visitors.IrElementTransformerVoid.visitReturn(IrElementTransformerVoid.kt:19)
	at org.jetbrains.kotlin.ir.expressions.IrReturn.accept(IrReturn.kt:24)
	at org.jetbrains.kotlin.ir.expressions.IrExpression.transform(IrExpression.kt:24)
	at org.jetbrains.kotlin.ir.expressions.IrExpression.transform(IrExpression.kt:20)
	at org.jetbrains.kotlin.ir.util.TransformKt.transformInPlace(transform.kt:35)
	at org.jetbrains.kotlin.ir.expressions.IrBlockBody.transformChildren(IrBlockBody.kt:27)
	at org.jetbrains.kotlin.ir.visitors.IrElementTransformerVoid.visitBody(IrElementTransformerVoid.kt:174)
	at org.jetbrains.kotlin.ir.visitors.IrElementTransformerVoid.visitBlockBody(IrElementTransformerVoid.kt:188)
	at androidx.compose.compiler.plugins.kotlin.lower.LiveLiteralTransformer.visitBlockBody$lambda$87(LiveLiteralTransformer.kt:865)
	at androidx.compose.compiler.plugins.kotlin.lower.DurableKeyVisitor.siblings(DurableKeyVisitor.kt:117)
	at androidx.compose.compiler.plugins.kotlin.lower.LiveLiteralTransformer.siblings(LiveLiteralTransformer.kt:198)
	at androidx.compose.compiler.plugins.kotlin.lower.LiveLiteralTransformer.visitBlockBody(LiveLiteralTransformer.kt:864)
	at org.jetbrains.kotlin.ir.visitors.IrElementTransformerVoid.visitBlockBody(IrElementTransformerVoid.kt:191)
	at org.jetbrains.kotlin.ir.visitors.IrElementTransformerVoid.visitBlockBody(IrElementTransformerVoid.kt:19)
	at org.jetbrains.kotlin.ir.expressions.IrBlockBody.accept(IrBlockBody.kt:20)
	at org.jetbrains.kotlin.ir.expressions.IrBody.transform(IrBody.kt:20)
	at org.jetbrains.kotlin.ir.declarations.IrFunction.transformChildren(IrFunction.kt:58)
	at org.jetbrains.kotlin.ir.visitors.IrElementTransformerVoid.visitDeclaration(IrElementTransformerVoid.kt:40)
	at org.jetbrains.kotlin.ir.visitors.IrElementTransformerVoid.visitFunction(IrElementTransformerVoid.kt:72)
	at org.jetbrains.kotlin.ir.visitors.IrElementTransformerVoid.visitSimpleFunction(IrElementTransformerVoid.kt:128)
	at androidx.compose.compiler.plugins.kotlin.lower.LiveLiteralTransformer.visitSimpleFunction$lambda$67(LiveLiteralTransformer.kt:724)
	at androidx.compose.compiler.plugins.kotlin.lower.DurableKeyVisitor.enter(DurableKeyVisitor.kt:96)
	at androidx.compose.compiler.plugins.kotlin.lower.LiveLiteralTransformer.enter(LiveLiteralTransformer.kt:196)
	at androidx.compose.compiler.plugins.kotlin.lower.LiveLiteralTransformer.visitSimpleFunction(LiveLiteralTransformer.kt:724)
	at org.jetbrains.kotlin.ir.visitors.IrElementTransformerVoid.visitSimpleFunction(IrElementTransformerVoid.kt:131)
	at org.jetbrains.kotlin.ir.visitors.IrElementTransformerVoid.visitSimpleFunction(IrElementTransformerVoid.kt:19)
	at org.jetbrains.kotlin.ir.declarations.IrSimpleFunction.accept(IrSimpleFunction.kt:36)
	at org.jetbrains.kotlin.ir.IrElementBase.transform(IrElementBase.kt:24)
	at org.jetbrains.kotlin.ir.expressions.IrFunctionExpression.transformChildren(IrFunctionExpression.kt:31)
	at org.jetbrains.kotlin.ir.visitors.IrElementTransformerVoid.visitExpression(IrElementTransformerVoid.kt:166)
	at org.jetbrains.kotlin.ir.visitors.IrElementTransformerVoid.visitFunctionExpression(IrElementTransformerVoid.kt:424)
	at org.jetbrains.kotlin.ir.visitors.IrElementTransformerVoid.visitFunctionExpression(IrElementTransformerVoid.kt:427)
	at org.jetbrains.kotlin.ir.visitors.IrElementTransformerVoid.visitFunctionExpression(IrElementTransformerVoid.kt:19)
	at org.jetbrains.kotlin.ir.expressions.IrFunctionExpression.accept(IrFunctionExpression.kt:24)
	at org.jetbrains.kotlin.ir.expressions.IrExpression.transform(IrExpression.kt:24)
	at org.jetbrains.kotlin.ir.expressions.IrTypeOperatorCall.transformChildren(IrTypeOperatorCall.kt:33)
	at org.jetbrains.kotlin.ir.visitors.IrElementTransformerVoid.visitExpression(IrElementTransformerVoid.kt:166)
	at org.jetbrains.kotlin.ir.visitors.IrElementTransformerVoid.visitTypeOperator(IrElementTransformerVoid.kt:504)
	at org.jetbrains.kotlin.ir.visitors.IrElementTransformerVoid.visitTypeOperator(IrElementTransformerVoid.kt:507)
	at org.jetbrains.kotlin.ir.visitors.IrElementTransformerVoid.visitTypeOperator(IrElementTransformerVoid.kt:19)
	at org.jetbrains.kotlin.ir.expressions.IrTypeOperatorCall.accept(IrTypeOperatorCall.kt:26)
	at org.jetbrains.kotlin.ir.expressions.IrExpression.transform(IrExpression.kt:24)
	at androidx.compose.compiler.plugins.kotlin.lower.LiveLiteralTransformer.visitCall$lambda$62$lambda$61(LiveLiteralTransformer.kt:694)
	at androidx.compose.compiler.plugins.kotlin.lower.DurableKeyVisitor.enter(DurableKeyVisitor.kt:96)
	at androidx.compose.compiler.plugins.kotlin.lower.LiveLiteralTransformer.enter(LiveLiteralTransformer.kt:196)
	at androidx.compose.compiler.plugins.kotlin.lower.LiveLiteralTransformer.visitCall$lambda$62(LiveLiteralTransformer.kt:693)
	at androidx.compose.compiler.plugins.kotlin.lower.DurableKeyVisitor.enter(DurableKeyVisitor.kt:96)
	at androidx.compose.compiler.plugins.kotlin.lower.LiveLiteralTransformer.enter(LiveLiteralTransformer.kt:196)
	at androidx.compose.compiler.plugins.kotlin.lower.LiveLiteralTransformer.visitCall(LiveLiteralTransformer.kt:682)
	at org.jetbrains.kotlin.ir.visitors.IrElementTransformerVoid.visitCall(IrElementTransformerVoid.kt:299)
	at org.jetbrains.kotlin.ir.visitors.IrElementTransformerVoid.visitCall(IrElementTransformerVoid.kt:19)
	at org.jetbrains.kotlin.ir.expressions.IrCall.accept(IrCall.kt:24)
	at org.jetbrains.kotlin.ir.expressions.IrExpression.transform(IrExpression.kt:24)
	at org.jetbrains.kotlin.ir.expressions.IrExpression.transform(IrExpression.kt:20)
	at org.jetbrains.kotlin.ir.util.TransformKt.transformInPlace(transform.kt:35)
	at org.jetbrains.kotlin.ir.expressions.IrBlockBody.transformChildren(IrBlockBody.kt:27)
	at org.jetbrains.kotlin.ir.visitors.IrElementTransformerVoid.visitBody(IrElementTransformerVoid.kt:174)
	at org.jetbrains.kotlin.ir.visitors.IrElementTransformerVoid.visitBlockBody(IrElementTransformerVoid.kt:188)
	at androidx.compose.compiler.plugins.kotlin.lower.LiveLiteralTransformer.visitBlockBody$lambda$87(LiveLiteralTransformer.kt:865)
	at androidx.compose.compiler.plugins.kotlin.lower.DurableKeyVisitor.siblings(DurableKeyVisitor.kt:117)
	at androidx.compose.compiler.plugins.kotlin.lower.LiveLiteralTransformer.siblings(LiveLiteralTransformer.kt:198)
	at androidx.compose.compiler.plugins.kotlin.lower.LiveLiteralTransformer.visitBlockBody(LiveLiteralTransformer.kt:864)
	at org.jetbrains.kotlin.ir.visitors.IrElementTransformerVoid.visitBlockBody(IrElementTransformerVoid.kt:191)
	at org.jetbrains.kotlin.ir.visitors.IrElementTransformerVoid.visitBlockBody(IrElementTransformerVoid.kt:19)
	at org.jetbrains.kotlin.ir.expressions.IrBlockBody.accept(IrBlockBody.kt:20)
	at org.jetbrains.kotlin.ir.expressions.IrBody.transform(IrBody.kt:20)
	at org.jetbrains.kotlin.ir.declarations.IrFunction.transformChildren(IrFunction.kt:58)
	at org.jetbrains.kotlin.ir.visitors.IrElementTransformerVoid.visitDeclaration(IrElementTransformerVoid.kt:40)
	at org.jetbrains.kotlin.ir.visitors.IrElementTransformerVoid.visitFunction(IrElementTransformerVoid.kt:72)
	at org.jetbrains.kotlin.ir.visitors.IrElementTransformerVoid.visitSimpleFunction(IrElementTransformerVoid.kt:128)
	at androidx.compose.compiler.plugins.kotlin.lower.LiveLiteralTransformer.visitSimpleFunction$lambda$67(LiveLiteralTransformer.kt:724)
	at androidx.compose.compiler.plugins.kotlin.lower.DurableKeyVisitor.enter(DurableKeyVisitor.kt:96)
	at androidx.compose.compiler.plugins.kotlin.lower.LiveLiteralTransformer.enter(LiveLiteralTransformer.kt:196)
	at androidx.compose.compiler.plugins.kotlin.lower.LiveLiteralTransformer.visitSimpleFunction(LiveLiteralTransformer.kt:724)
	at org.jetbrains.kotlin.ir.visitors.IrElementTransformerVoid.visitSimpleFunction(IrElementTransformerVoid.kt:131)
	at org.jetbrains.kotlin.ir.visitors.IrElementTransformerVoid.visitSimpleFunction(IrElementTransformerVoid.kt:19)
	at org.jetbrains.kotlin.ir.declarations.IrSimpleFunction.accept(IrSimpleFunction.kt:36)
	at org.jetbrains.kotlin.ir.IrElementBase.transform(IrElementBase.kt:24)
	at org.jetbrains.kotlin.ir.util.TransformKt.transformInPlace(transform.kt:35)
	at org.jetbrains.kotlin.ir.declarations.IrClass.transformChildren(IrClass.kt:82)
	at org.jetbrains.kotlin.ir.visitors.IrElementTransformerVoid.visitDeclaration(IrElementTransformerVoid.kt:40)
	at org.jetbrains.kotlin.ir.visitors.IrElementTransformerVoid.visitClass(IrElementTransformerVoid.kt:54)
	at androidx.compose.compiler.plugins.kotlin.lower.LiveLiteralTransformer.visitClass$lambda$26(LiveLiteralTransformer.kt:471)
	at androidx.compose.compiler.plugins.kotlin.lower.DurableKeyVisitor.siblings(DurableKeyVisitor.kt:117)
	at androidx.compose.compiler.plugins.kotlin.lower.DurableKeyVisitor.siblings$lambda$0(DurableKeyVisitor.kt:131)
	at androidx.compose.compiler.plugins.kotlin.lower.DurableKeyVisitor.enter(DurableKeyVisitor.kt:96)
	at androidx.compose.compiler.plugins.kotlin.lower.DurableKeyVisitor.siblings(DurableKeyVisitor.kt:131)
	at androidx.compose.compiler.plugins.kotlin.lower.LiveLiteralTransformer.siblings(LiveLiteralTransformer.kt:197)
	at androidx.compose.compiler.plugins.kotlin.lower.LiveLiteralTransformer.visitClass(LiveLiteralTransformer.kt:470)
	at org.jetbrains.kotlin.ir.visitors.IrElementTransformerVoid.visitClass(IrElementTransformerVoid.kt:57)
	at org.jetbrains.kotlin.ir.visitors.IrElementTransformerVoid.visitClass(IrElementTransformerVoid.kt:19)
	at org.jetbrains.kotlin.ir.declarations.IrClass.accept(IrClass.kt:72)
	at org.jetbrains.kotlin.ir.IrElementBase.transform(IrElementBase.kt:24)
	at org.jetbrains.kotlin.ir.util.TransformKt.transformInPlace(transform.kt:35)
	at org.jetbrains.kotlin.ir.declarations.IrFile.transformChildren(IrFile.kt:38)
	at org.jetbrains.kotlin.ir.visitors.IrElementTransformerVoid.visitPackageFragment(IrElementTransformerVoid.kt:146)
	at org.jetbrains.kotlin.ir.visitors.IrElementTransformerVoid.visitFile(IrElementTransformerVoid.kt:160)
	at androidx.compose.compiler.plugins.kotlin.lower.LiveLiteralTransformer.visitFile$lambda$41$lambda$40(LiveLiteralTransformer.kt:564)
	at androidx.compose.compiler.plugins.kotlin.lower.DurableKeyVisitor.siblings(DurableKeyVisitor.kt:117)
	at androidx.compose.compiler.plugins.kotlin.lower.DurableKeyVisitor.root(DurableKeyVisitor.kt:152)
	at androidx.compose.compiler.plugins.kotlin.lower.LiveLiteralTransformer.visitFile(LiveLiteralTransformer.kt:494)
	... 47 more


